  ProyectoFinal.cpp
C:\Users\rluis\OneDrive\Escritorio\Tareas\Computación gráfica\Proyecto\Proyecto final\ProyectoFinal\ProyectoFinal\include\shader_m.h(44,40): warning C4101: 'e': variable local sin referencia
C:\Users\rluis\OneDrive\Escritorio\Tareas\Computación gráfica\Proyecto\Proyecto final\ProyectoFinal\ProyectoFinal\include\modelAnim.h(104,44): warning C4244: '=': conversión de 'double' a 'float'; posible pérdida de datos
C:\Users\rluis\OneDrive\Escritorio\Tareas\Computación gráfica\Proyecto\Proyecto final\ProyectoFinal\ProyectoFinal\include\modelAnim.h(520,24): warning C4244: 'inicializando': conversión de 'double' a 'float'; posible pérdida de datos
C:\Users\rluis\OneDrive\Escritorio\Tareas\Computación gráfica\Proyecto\Proyecto final\ProyectoFinal\ProyectoFinal\ProyectoFinal.cpp(627,11): warning C4244: '=': conversión de 'double' a 'float'; posible pérdida de datos
C:\Users\rluis\OneDrive\Escritorio\Tareas\Computación gráfica\Proyecto\Proyecto final\ProyectoFinal\ProyectoFinal\ProyectoFinal.cpp(628,11): warning C4244: '=': conversión de 'double' a 'float'; posible pérdida de datos
C:\Users\rluis\OneDrive\Escritorio\Tareas\Computación gráfica\Proyecto\Proyecto final\ProyectoFinal\ProyectoFinal\ProyectoFinal.cpp(632,16): warning C4244: 'inicializando': conversión de 'double' a 'float'; posible pérdida de datos
C:\Users\rluis\OneDrive\Escritorio\Tareas\Computación gráfica\Proyecto\Proyecto final\ProyectoFinal\ProyectoFinal\ProyectoFinal.cpp(633,16): warning C4244: 'inicializando': conversión de 'double' a 'float'; posible pérdida de datos
C:\Users\rluis\OneDrive\Escritorio\Tareas\Computación gráfica\Proyecto\Proyecto final\ProyectoFinal\ProyectoFinal\ProyectoFinal.cpp(635,10): warning C4244: '=': conversión de 'double' a 'float'; posible pérdida de datos
C:\Users\rluis\OneDrive\Escritorio\Tareas\Computación gráfica\Proyecto\Proyecto final\ProyectoFinal\ProyectoFinal\ProyectoFinal.cpp(636,10): warning C4244: '=': conversión de 'double' a 'float'; posible pérdida de datos
C:\Users\rluis\OneDrive\Escritorio\Tareas\Computación gráfica\Proyecto\Proyecto final\ProyectoFinal\ProyectoFinal\ProyectoFinal.cpp(644,28): warning C4244: 'argumento': conversión de 'double' a 'float'; posible pérdida de datos
LINK : warning LNK4044: opción '/lwinmm' no reconocida; omitida
glfw3.lib(context.obj) : warning LNK4099: no se encontró PDB 'glfw.pdb' con 'glfw3.lib(context.obj)' o en 'C:\Users\rluis\OneDrive\Escritorio\Tareas\Computación gráfica\Proyecto\Proyecto final\ProyectoFinal\Debug\glfw.pdb'; se vinculará el objeto sin tener en cuenta información de depuración
glfw3.lib(init.obj) : warning LNK4099: no se encontró PDB 'glfw.pdb' con 'glfw3.lib(init.obj)' o en 'C:\Users\rluis\OneDrive\Escritorio\Tareas\Computación gráfica\Proyecto\Proyecto final\ProyectoFinal\Debug\glfw.pdb'; se vinculará el objeto sin tener en cuenta información de depuración
glfw3.lib(input.obj) : warning LNK4099: no se encontró PDB 'glfw.pdb' con 'glfw3.lib(input.obj)' o en 'C:\Users\rluis\OneDrive\Escritorio\Tareas\Computación gráfica\Proyecto\Proyecto final\ProyectoFinal\Debug\glfw.pdb'; se vinculará el objeto sin tener en cuenta información de depuración
glfw3.lib(monitor.obj) : warning LNK4099: no se encontró PDB '' con 'glfw3.lib(monitor.obj)' o en ''; se vinculará el objeto sin tener en cuenta información de depuración
glfw3.lib(vulkan.obj) : warning LNK4099: no se encontró PDB 'glfw.pdb' con 'glfw3.lib(vulkan.obj)' o en 'C:\Users\rluis\OneDrive\Escritorio\Tareas\Computación gráfica\Proyecto\Proyecto final\ProyectoFinal\Debug\glfw.pdb'; se vinculará el objeto sin tener en cuenta información de depuración
glfw3.lib(window.obj) : warning LNK4099: no se encontró PDB 'glfw.pdb' con 'glfw3.lib(window.obj)' o en 'C:\Users\rluis\OneDrive\Escritorio\Tareas\Computación gráfica\Proyecto\Proyecto final\ProyectoFinal\Debug\glfw.pdb'; se vinculará el objeto sin tener en cuenta información de depuración
glfw3.lib(win32_init.obj) : warning LNK4099: no se encontró PDB 'glfw.pdb' con 'glfw3.lib(win32_init.obj)' o en 'C:\Users\rluis\OneDrive\Escritorio\Tareas\Computación gráfica\Proyecto\Proyecto final\ProyectoFinal\Debug\glfw.pdb'; se vinculará el objeto sin tener en cuenta información de depuración
glfw3.lib(win32_joystick.obj) : warning LNK4099: no se encontró PDB 'glfw.pdb' con 'glfw3.lib(win32_joystick.obj)' o en 'C:\Users\rluis\OneDrive\Escritorio\Tareas\Computación gráfica\Proyecto\Proyecto final\ProyectoFinal\Debug\glfw.pdb'; se vinculará el objeto sin tener en cuenta información de depuración
glfw3.lib(win32_monitor.obj) : warning LNK4099: no se encontró PDB '' con 'glfw3.lib(win32_monitor.obj)' o en ''; se vinculará el objeto sin tener en cuenta información de depuración
glfw3.lib(win32_time.obj) : warning LNK4099: no se encontró PDB 'glfw.pdb' con 'glfw3.lib(win32_time.obj)' o en 'C:\Users\rluis\OneDrive\Escritorio\Tareas\Computación gráfica\Proyecto\Proyecto final\ProyectoFinal\Debug\glfw.pdb'; se vinculará el objeto sin tener en cuenta información de depuración
glfw3.lib(win32_thread.obj) : warning LNK4099: no se encontró PDB 'glfw.pdb' con 'glfw3.lib(win32_thread.obj)' o en 'C:\Users\rluis\OneDrive\Escritorio\Tareas\Computación gráfica\Proyecto\Proyecto final\ProyectoFinal\Debug\glfw.pdb'; se vinculará el objeto sin tener en cuenta información de depuración
glfw3.lib(win32_window.obj) : warning LNK4099: no se encontró PDB 'glfw.pdb' con 'glfw3.lib(win32_window.obj)' o en 'C:\Users\rluis\OneDrive\Escritorio\Tareas\Computación gráfica\Proyecto\Proyecto final\ProyectoFinal\Debug\glfw.pdb'; se vinculará el objeto sin tener en cuenta información de depuración
glfw3.lib(wgl_context.obj) : warning LNK4099: no se encontró PDB '' con 'glfw3.lib(wgl_context.obj)' o en ''; se vinculará el objeto sin tener en cuenta información de depuración
glfw3.lib(egl_context.obj) : warning LNK4099: no se encontró PDB 'glfw.pdb' con 'glfw3.lib(egl_context.obj)' o en 'C:\Users\rluis\OneDrive\Escritorio\Tareas\Computación gráfica\Proyecto\Proyecto final\ProyectoFinal\Debug\glfw.pdb'; se vinculará el objeto sin tener en cuenta información de depuración
glfw3.lib(osmesa_context.obj) : warning LNK4099: no se encontró PDB '' con 'glfw3.lib(osmesa_context.obj)' o en ''; se vinculará el objeto sin tener en cuenta información de depuración
  ProyectoFinal.vcxproj -> C:\Users\rluis\OneDrive\Escritorio\Tareas\Computación gráfica\Proyecto\Proyecto final\ProyectoFinal\Debug\ProyectoFinal.exe
